<?xml version="1.0" encoding="UTF-8"?>
<!-- Generated by org.testng.reporters.JUnitXMLReporter -->
<testsuite ignored="3" hostname="DESKTOP-9LQ664D" failures="0" tests="1" name="Test" time="0.249" errors="0" timestamp="2021-01-28T23:05:40 PKT">
  <testcase classname="seleniumframewrok.SeleniumFramewrok9TestNGGroups" name="Test2" time="0.041"/>
  <testcase classname="seleniumframewrok.SeleniumFramewrok9TestNGGroups" name="Test1" time="0.0">
    <ignored/>
  </testcase> <!-- Test1 -->
  <testcase classname="seleniumframewrok.SeleniumFramewrok9TestNGGroups" name="Test3" time="0.0">
    <ignored/>
  </testcase> <!-- Test3 -->
  <testcase classname="seleniumframewrok.SeleniumFramewrok9TestNGGroups" name="Test4" time="0.0">
    <ignored/>
  </testcase> <!-- Test4 -->
</testsuite> <!-- Test -->
